f:\master\disertatie\crosswalk\x64\debug\vc140.pdb
f:\master\disertatie\crosswalk\x64\debug\vc140.idb
f:\master\disertatie\crosswalk\x64\debug\birdeyeview.obj
f:\master\disertatie\crosswalk\x64\debug\crosswalk.obj
f:\master\disertatie\crosswalk\x64\debug\houghtransform.obj
f:\master\disertatie\crosswalk\x64\debug\line.obj
f:\master\disertatie\crosswalk\x64\debug\main.obj
f:\master\disertatie\crosswalk\x64\debug\point.obj
f:\master\repo_cross\crossdetection\crosswalk\x64\debug\vc140.pdb
f:\master\repo_cross\crossdetection\crosswalk\x64\debug\vc140.idb
f:\master\repo_cross\crossdetection\crosswalk\x64\debug\birdeyeview.obj
f:\master\repo_cross\crossdetection\crosswalk\x64\debug\crosswalk.obj
f:\master\repo_cross\crossdetection\crosswalk\x64\debug\houghtransform.obj
f:\master\repo_cross\crossdetection\crosswalk\x64\debug\line.obj
f:\master\repo_cross\crossdetection\crosswalk\x64\debug\main.obj
f:\master\repo_cross\crossdetection\crosswalk\x64\debug\point.obj
f:\master\repo_cross\crossdetection\crosswalk\x64\debug\vanishingpoint.obj
f:\master\disertatie\crosswalk\x64\debug\crosswalk.ilk
f:\master\disertatie\crosswalk\x64\debug\crosswalk.exe
f:\master\disertatie\crosswalk\x64\debug\crosswalk.pdb
f:\master\repo_cross\crossdetection\crosswalk\x64\debug\crosswalk.ilk
f:\master\repo_cross\crossdetection\crosswalk\x64\debug\crosswalk.exe
f:\master\repo_cross\crossdetection\crosswalk\x64\debug\crosswalk.pdb
f:\master\repo_cross\crossdetection\crosswalk\x64\debug\crosswalk.tlog\cl.command.1.tlog
f:\master\repo_cross\crossdetection\crosswalk\x64\debug\crosswalk.tlog\cl.read.1.tlog
f:\master\repo_cross\crossdetection\crosswalk\x64\debug\crosswalk.tlog\cl.write.1.tlog
f:\master\repo_cross\crossdetection\crosswalk\x64\debug\crosswalk.tlog\link.command.1.tlog
f:\master\repo_cross\crossdetection\crosswalk\x64\debug\crosswalk.tlog\link.read.1.tlog
f:\master\repo_cross\crossdetection\crosswalk\x64\debug\crosswalk.tlog\link.write.1.tlog
